2026-04-21 08:52:25.820 [main] INFO  effortanalyzer.EffortAnalyzerApp - Running module: upgrade
2026-04-21 08:52:25.834 [main] INFO  effortanalyzer.EffortAnalyzerApp - Output file:    Upgrade-Compatibility-Report.xlsx
2026-04-21 08:52:25.950 [main] INFO  effortanalyzer.library.LibraryUpgradeRules - Loaded custom rules from stream
2026-04-21 08:52:25.950 [main] INFO  effortanalyzer.library.LibraryUpgradeRules - Loaded custom rules from stream
2026-04-21 08:52:25.950 [main] INFO  effortanalyzer.library.LibraryUpgradeRules - Loaded 239 library upgrade compatibility rules (16 excluded)
2026-04-21 08:52:25.959 [main] INFO  effortanalyzer.upgrade.UpgradeAnalyzer - Exclusions active: 16
2026-04-21 08:52:25.959 [main] INFO  effortanalyzer.upgrade.UpgradeAnalyzer - IBM scanner available: true (C:\Development\Documents\EffortAnalyzer\EffortAnalyzer\binaryAppScanner.jar)
2026-04-21 08:52:25.959 [main] INFO  effortanalyzer.upgrade.UpgradeAnalyzer - Cleaning existing IBM JSON output directory: C:\Development\Documents\EffortAnalyzer\EffortAnalyzer\reports
2026-04-21 08:52:25.961 [main] INFO  effortanalyzer.upgrade.UpgradeAnalyzer - Running IBM scanner: C:\Program Files\Java\jdk-21.0.10\bin\java.exe -jar C:\Development\Documents\EffortAnalyzer\EffortAnalyzer\binaryAppScanner.jar c:\Development\JBoss\Jars2\ --analyzeJavaSE --sourceJava=oracle8 --targetJava=java21 --format=json --output=C:\Development\Documents\EffortAnalyzer\EffortAnalyzer\reports
2026-04-21 08:53:18.152 [main] INFO  effortanalyzer.upgrade.UpgradeAnalyzer - Parsing 190 IBM JSON report(s) from C:\Development\Documents\EffortAnalyzer\EffortAnalyzer\reports
2026-04-21 08:53:18.355 [main] INFO  effortanalyzer.library.LibraryUpgradeAnalyzer - Found 190 JAR files to analyze
2026-04-21 08:53:18.355 [main] INFO  effortanalyzer.library.LibraryUpgradeAnalyzer - Analyzing: AdminTool-ejb.jar
2026-04-21 08:53:18.371 [main] INFO  effortanalyzer.library.LibraryUpgradeAnalyzer - Analyzing: AttachmentManagement-impl.jar
2026-04-21 08:53:18.398 [main] INFO  effortanalyzer.library.LibraryUpgradeAnalyzer - Analyzing: AttachmentManagement.jar
2026-04-21 08:53:18.403 [main] INFO  effortanalyzer.library.LibraryUpgradeAnalyzer - Analyzing: audit-trail-monitor-impl.jar
2026-04-21 08:53:18.466 [main] INFO  effortanalyzer.library.LibraryUpgradeAnalyzer - Analyzing: audit-trail-monitor.jar
2026-04-21 08:53:18.466 [main] INFO  effortanalyzer.library.LibraryUpgradeAnalyzer - Analyzing: AuthFramework-impl.jar
2026-04-21 08:53:18.482 [main] INFO  effortanalyzer.library.LibraryUpgradeAnalyzer - Analyzing: AuthFramework.jar
2026-04-21 08:53:18.610 [main] INFO  effortanalyzer.library.LibraryUpgradeAnalyzer - Analyzing: base-administrative-tools-ejb.jar
2026-04-21 08:53:18.739 [main] INFO  effortanalyzer.library.LibraryUpgradeAnalyzer - Analyzing: base-administrative-tools.jar
2026-04-21 08:53:18.743 [main] INFO  effortanalyzer.library.LibraryUpgradeAnalyzer - Analyzing: Calendar-impl.jar
2026-04-21 08:53:18.750 [main] INFO  effortanalyzer.library.LibraryUpgradeAnalyzer - Analyzing: Calendar.jar
2026-04-21 08:53:18.773 [main] INFO  effortanalyzer.library.LibraryUpgradeAnalyzer - Analyzing: CBTUI_NCComponents.jar
2026-04-21 08:53:18.773 [main] INFO  effortanalyzer.library.LibraryUpgradeAnalyzer - Analyzing: cluster-and-runtime-services-ejb.jar
2026-04-21 08:53:18.785 [main] INFO  effortanalyzer.library.LibraryUpgradeAnalyzer - Analyzing: cluster-and-runtime-services-impl.jar
2026-04-21 08:53:18.785 [main] INFO  effortanalyzer.library.LibraryUpgradeAnalyzer - Analyzing: cluster-and-runtime-services.jar
2026-04-21 08:53:18.844 [main] INFO  effortanalyzer.library.LibraryUpgradeAnalyzer - Analyzing: Core-impl.jar
2026-04-21 08:53:18.857 [main] INFO  effortanalyzer.library.LibraryUpgradeAnalyzer - Analyzing: core-objects-operations-layer-ejb.jar
2026-04-21 08:53:18.976 [main] INFO  effortanalyzer.library.LibraryUpgradeAnalyzer - Analyzing: core-objects-operations-layer-impl.jar
2026-04-21 08:53:18.991 [main] INFO  effortanalyzer.library.LibraryUpgradeAnalyzer - Analyzing: core-objects-operations-layer.jar
2026-04-21 08:53:19.129 [main] INFO  effortanalyzer.library.LibraryUpgradeAnalyzer - Analyzing: Core.jar
2026-04-21 08:53:19.234 [main] INFO  effortanalyzer.library.LibraryUpgradeAnalyzer - Analyzing: cUtils-ejb.jar
2026-04-21 08:53:19.246 [main] INFO  effortanalyzer.library.LibraryUpgradeAnalyzer - Analyzing: cUtils-impl.jar
2026-04-21 08:53:19.275 [main] INFO  effortanalyzer.library.LibraryUpgradeAnalyzer - Analyzing: cUtils-internal-api.jar
2026-04-21 08:53:19.277 [main] INFO  effortanalyzer.library.LibraryUpgradeAnalyzer - Analyzing: cUtils.jar
2026-04-21 08:53:19.438 [main] INFO  effortanalyzer.library.LibraryUpgradeAnalyzer - Analyzing: data-object-beans-annotations.jar
2026-04-21 08:53:19.452 [main] INFO  effortanalyzer.library.LibraryUpgradeAnalyzer - Analyzing: data-object-beans-impl.jar
2026-04-21 08:53:19.540 [main] INFO  effortanalyzer.library.LibraryUpgradeAnalyzer - Analyzing: data-object-beans-internal-api.jar
2026-04-21 08:53:19.553 [main] INFO  effortanalyzer.library.LibraryUpgradeAnalyzer - Analyzing: data-object-beans.jar
2026-04-21 08:53:19.579 [main] INFO  effortanalyzer.library.LibraryUpgradeAnalyzer - Analyzing: dataaccess-impl.jar
2026-04-21 08:53:19.612 [main] INFO  effortanalyzer.library.LibraryUpgradeAnalyzer - Analyzing: dataaccess.jar
2026-04-21 08:53:19.772 [main] INFO  effortanalyzer.library.LibraryUpgradeAnalyzer - Analyzing: datacache-impl.jar
2026-04-21 08:53:19.786 [main] INFO  effortanalyzer.library.LibraryUpgradeAnalyzer - Analyzing: datacache.jar
2026-04-21 08:53:19.786 [main] INFO  effortanalyzer.library.LibraryUpgradeAnalyzer - Analyzing: DataSourceFramework-impl.jar
2026-04-21 08:53:19.892 [main] INFO  effortanalyzer.library.LibraryUpgradeAnalyzer - Analyzing: DataSourceFramework.jar
2026-04-21 08:53:19.914 [main] INFO  effortanalyzer.library.LibraryUpgradeAnalyzer - Analyzing: di-commons-bridge-api.jar
2026-04-21 08:53:19.914 [main] INFO  effortanalyzer.library.LibraryUpgradeAnalyzer - Analyzing: di-commons-bridge-impl.jar
2026-04-21 08:53:19.926 [main] INFO  effortanalyzer.library.LibraryUpgradeAnalyzer - Analyzing: DSF-SmokeTest.jar
2026-04-21 08:53:19.963 [main] INFO  effortanalyzer.library.LibraryUpgradeAnalyzer - Analyzing: encryption-services-api.jar
2026-04-21 08:53:19.974 [main] INFO  effortanalyzer.library.LibraryUpgradeAnalyzer - Analyzing: encryption-services-impl.jar
2026-04-21 08:53:19.993 [main] INFO  effortanalyzer.library.LibraryUpgradeAnalyzer - Analyzing: encryption-services-tool.jar
2026-04-21 08:53:19.993 [main] INFO  effortanalyzer.library.LibraryUpgradeAnalyzer - Analyzing: ErrorHandling-ejb.jar
2026-04-21 08:53:19.993 [main] INFO  effortanalyzer.library.LibraryUpgradeAnalyzer - Analyzing: ErrorHandling-impl.jar
2026-04-21 08:53:20.146 [main] INFO  effortanalyzer.library.LibraryUpgradeAnalyzer - Analyzing: ErrorHandling.jar
2026-04-21 08:53:20.153 [main] INFO  effortanalyzer.library.LibraryUpgradeAnalyzer - Analyzing: esapi.jar
2026-04-21 08:53:20.269 [main] INFO  effortanalyzer.library.LibraryUpgradeAnalyzer - Analyzing: exception-handling-api-dist.jar
2026-04-21 08:53:20.269 [main] INFO  effortanalyzer.library.LibraryUpgradeAnalyzer - Analyzing: exception-handling-generalization-impl.jar
2026-04-21 08:53:20.269 [main] INFO  effortanalyzer.library.LibraryUpgradeAnalyzer - Analyzing: exception-handling-impl.jar
2026-04-21 08:53:20.269 [main] INFO  effortanalyzer.library.LibraryUpgradeAnalyzer - Analyzing: exception-handling-internal-api.jar
2026-04-21 08:53:20.269 [main] INFO  effortanalyzer.library.LibraryUpgradeAnalyzer - Analyzing: ExportImport-ejb.jar
2026-04-21 08:53:20.393 [main] INFO  effortanalyzer.library.LibraryUpgradeAnalyzer - Analyzing: ExportImport-impl.jar
2026-04-21 08:53:20.393 [main] INFO  effortanalyzer.library.LibraryUpgradeAnalyzer - Analyzing: ExportSubsystem.jar
2026-04-21 08:53:20.425 [main] INFO  effortanalyzer.library.LibraryUpgradeAnalyzer - Analyzing: frontend-backend-interaction-security.jar
2026-04-21 08:53:20.447 [main] INFO  effortanalyzer.library.LibraryUpgradeAnalyzer - Analyzing: GenericTree.jar
2026-04-21 08:53:20.453 [main] INFO  effortanalyzer.library.LibraryUpgradeAnalyzer - Analyzing: history-framework-ejb.jar
2026-04-21 08:53:20.455 [main] INFO  effortanalyzer.library.LibraryUpgradeAnalyzer - Analyzing: history-framework-impl.jar
2026-04-21 08:53:20.476 [main] INFO  effortanalyzer.library.LibraryUpgradeAnalyzer - Analyzing: history-framework-legacy-ui-ejb.jar
2026-04-21 08:53:20.487 [main] INFO  effortanalyzer.library.LibraryUpgradeAnalyzer - Analyzing: history-framework.jar
2026-04-21 08:53:20.524 [main] INFO  effortanalyzer.library.LibraryUpgradeAnalyzer - Analyzing: jobs-scheduler-bulk-executor-ejb.jar
2026-04-21 08:53:20.528 [main] INFO  effortanalyzer.library.LibraryUpgradeAnalyzer - Analyzing: jobs-scheduler-bulk-executor.jar
2026-04-21 08:53:20.543 [main] INFO  effortanalyzer.library.LibraryUpgradeAnalyzer - Analyzing: Kernel-ejb.jar
2026-04-21 08:53:20.947 [main] INFO  effortanalyzer.library.LibraryUpgradeAnalyzer - Analyzing: Kernel-impl.jar
2026-04-21 08:53:20.947 [main] INFO  effortanalyzer.library.LibraryUpgradeAnalyzer - Analyzing: Kernel.jar
2026-04-21 08:53:21.248 [main] INFO  effortanalyzer.library.LibraryUpgradeAnalyzer - Analyzing: ldap-c-impl.jar
2026-04-21 08:53:21.260 [main] INFO  effortanalyzer.library.LibraryUpgradeAnalyzer - Analyzing: ldap-c.jar
2026-04-21 08:53:21.343 [main] INFO  effortanalyzer.library.LibraryUpgradeAnalyzer - Analyzing: LicenseManager3.jar
2026-04-21 08:53:21.355 [main] INFO  effortanalyzer.library.LibraryUpgradeAnalyzer - Analyzing: MailSender-ejb.jar
2026-04-21 08:53:21.367 [main] INFO  effortanalyzer.library.LibraryUpgradeAnalyzer - Analyzing: MailSender-impl.jar
2026-04-21 08:53:21.384 [main] INFO  effortanalyzer.library.LibraryUpgradeAnalyzer - Analyzing: MailSender.jar
2026-04-21 08:53:21.391 [main] INFO  effortanalyzer.library.LibraryUpgradeAnalyzer - Analyzing: messageengine-impl.jar
2026-04-21 08:53:21.395 [main] INFO  effortanalyzer.library.LibraryUpgradeAnalyzer - Analyzing: messageengine.jar
2026-04-21 08:53:21.405 [main] INFO  effortanalyzer.library.LibraryUpgradeAnalyzer - Analyzing: metamodel-access-layer-api.jar
2026-04-21 08:53:21.455 [main] INFO  effortanalyzer.library.LibraryUpgradeAnalyzer - Analyzing: metamodel-access-layer-cache-impl.jar
2026-04-21 08:53:21.471 [main] INFO  effortanalyzer.library.LibraryUpgradeAnalyzer - Analyzing: metamodel-access-layer-impl.jar
2026-04-21 08:53:21.488 [main] INFO  effortanalyzer.library.LibraryUpgradeAnalyzer - Analyzing: metamodel-access-layer-in-memory-impl.jar
2026-04-21 08:53:21.503 [main] INFO  effortanalyzer.library.LibraryUpgradeAnalyzer - Analyzing: metamodel-access-layer-sql-impl.jar
2026-04-21 08:53:21.519 [main] INFO  effortanalyzer.library.LibraryUpgradeAnalyzer - Analyzing: NamingFramework.jar
2026-04-21 08:53:21.519 [main] INFO  effortanalyzer.library.LibraryUpgradeAnalyzer - Analyzing: NavigationTree-impl.jar
2026-04-21 08:53:21.537 [main] INFO  effortanalyzer.library.LibraryUpgradeAnalyzer - Analyzing: NavigationTree.jar
2026-04-21 08:53:21.550 [main] INFO  effortanalyzer.library.LibraryUpgradeAnalyzer - Analyzing: nc-primary-key-api.jar
2026-04-21 08:53:21.550 [main] INFO  effortanalyzer.library.LibraryUpgradeAnalyzer - Analyzing: nc-primary-key-impl.jar
2026-04-21 08:53:21.555 [main] INFO  effortanalyzer.library.LibraryUpgradeAnalyzer - Analyzing: NCDataObjects-1.4.jar
2026-04-21 08:53:21.561 [main] INFO  effortanalyzer.library.LibraryUpgradeAnalyzer - Analyzing: NCDataObjects-impl.jar
2026-04-21 08:53:21.758 [main] INFO  effortanalyzer.library.LibraryUpgradeAnalyzer - Analyzing: NCDataObjects-internal-api.jar
2026-04-21 08:53:21.758 [main] INFO  effortanalyzer.library.LibraryUpgradeAnalyzer - Analyzing: NCDataObjects.jar
2026-04-21 08:53:22.090 [main] INFO  effortanalyzer.library.LibraryUpgradeAnalyzer - Analyzing: ncdo-plugins-impl.jar
2026-04-21 08:53:22.106 [main] INFO  effortanalyzer.library.LibraryUpgradeAnalyzer - Analyzing: ncdo-plugins.jar
2026-04-21 08:53:22.106 [main] INFO  effortanalyzer.library.LibraryUpgradeAnalyzer - Analyzing: NCtemplates-impl.jar
2026-04-21 08:53:22.106 [main] INFO  effortanalyzer.library.LibraryUpgradeAnalyzer - Analyzing: NCtemplates.jar
2026-04-21 08:53:22.111 [main] INFO  effortanalyzer.library.LibraryUpgradeAnalyzer - Analyzing: netcracker-license-administrator.jar
2026-04-21 08:53:22.119 [main] INFO  effortanalyzer.library.LibraryUpgradeAnalyzer - Analyzing: nodes-load-balancer-ejb.jar
2026-04-21 08:53:22.119 [main] INFO  effortanalyzer.library.LibraryUpgradeAnalyzer - Analyzing: nodes-load-balancer-impl.jar
2026-04-21 08:53:22.149 [main] INFO  effortanalyzer.library.LibraryUpgradeAnalyzer - Analyzing: nodes-load-balancer.jar
2026-04-21 08:53:22.153 [main] INFO  effortanalyzer.library.LibraryUpgradeAnalyzer - Analyzing: not-yet-commons-ssl.jar
2026-04-21 08:53:22.218 [main] INFO  effortanalyzer.library.LibraryUpgradeAnalyzer - Analyzing: NWPLEngine-impl.jar
2026-04-21 08:53:22.259 [main] INFO  effortanalyzer.library.LibraryUpgradeAnalyzer - Analyzing: NWPLEngine.jar
2026-04-21 08:53:22.285 [main] INFO  effortanalyzer.library.LibraryUpgradeAnalyzer - Analyzing: oauth2-oidc-sdk.jar
2026-04-21 08:53:22.517 [main] INFO  effortanalyzer.library.LibraryUpgradeAnalyzer - Analyzing: platform-abstraction-layer-impl-weblogic.jar
2026-04-21 08:53:22.545 [main] INFO  effortanalyzer.library.LibraryUpgradeAnalyzer - Analyzing: platform-abstraction-layer-impl.jar
2026-04-21 08:53:22.557 [main] INFO  effortanalyzer.library.LibraryUpgradeAnalyzer - Analyzing: platform-abstraction-layer.jar
2026-04-21 08:53:22.565 [main] INFO  effortanalyzer.library.LibraryUpgradeAnalyzer - Analyzing: platform-data-transport-do.jar
2026-04-21 08:53:22.581 [main] INFO  effortanalyzer.library.LibraryUpgradeAnalyzer - Analyzing: platform-data-transport-impl.jar
2026-04-21 08:53:22.660 [main] INFO  effortanalyzer.library.LibraryUpgradeAnalyzer - Analyzing: platform-data-transport-ncdo.jar
2026-04-21 08:53:22.676 [main] INFO  effortanalyzer.library.LibraryUpgradeAnalyzer - Analyzing: platform-data-transport-remoting.jar
2026-04-21 08:53:22.692 [main] INFO  effortanalyzer.library.LibraryUpgradeAnalyzer - Analyzing: platform-data-transport-smoke-tests.jar
2026-04-21 08:53:22.740 [main] INFO  effortanalyzer.library.LibraryUpgradeAnalyzer - Analyzing: platform-data-transport.jar
2026-04-21 08:53:22.805 [main] INFO  effortanalyzer.library.LibraryUpgradeAnalyzer - Analyzing: PlatformSmokeTest.jar
2026-04-21 08:53:22.819 [main] INFO  effortanalyzer.library.LibraryUpgradeAnalyzer - Analyzing: PlatformUtils.jar
2026-04-21 08:53:22.950 [main] INFO  effortanalyzer.library.LibraryUpgradeAnalyzer - Analyzing: PolicyFramework.jar
2026-04-21 08:53:22.963 [main] INFO  effortanalyzer.library.LibraryUpgradeAnalyzer - Analyzing: QuartzScheduler-ejb.jar
2026-04-21 08:53:23.010 [main] INFO  effortanalyzer.library.LibraryUpgradeAnalyzer - Analyzing: QuartzScheduler-impl.jar
2026-04-21 08:53:23.022 [main] INFO  effortanalyzer.library.LibraryUpgradeAnalyzer - Analyzing: QuartzScheduler.jar
2026-04-21 08:53:23.075 [main] INFO  effortanalyzer.library.LibraryUpgradeAnalyzer - Analyzing: QueryBuilder-impl.jar
2026-04-21 08:53:23.075 [main] INFO  effortanalyzer.library.LibraryUpgradeAnalyzer - Analyzing: QueryBuilder.jar
2026-04-21 08:53:23.121 [main] INFO  effortanalyzer.library.LibraryUpgradeAnalyzer - Analyzing: ReferenceSelector-impl.jar
2026-04-21 08:53:23.153 [main] INFO  effortanalyzer.library.LibraryUpgradeAnalyzer - Analyzing: ReferenceSelector.jar
2026-04-21 08:53:23.250 [main] INFO  effortanalyzer.library.LibraryUpgradeAnalyzer - Analyzing: reports-scheduler-ejb.jar
2026-04-21 08:53:23.281 [main] INFO  effortanalyzer.library.LibraryUpgradeAnalyzer - Analyzing: reports-scheduler-impl.jar
2026-04-21 08:53:23.290 [main] INFO  effortanalyzer.library.LibraryUpgradeAnalyzer - Analyzing: reports-scheduler.jar
2026-04-21 08:53:23.312 [main] INFO  effortanalyzer.library.LibraryUpgradeAnalyzer - Analyzing: ReportsEngine-ejb.jar
2026-04-21 08:53:23.408 [main] INFO  effortanalyzer.library.LibraryUpgradeAnalyzer - Analyzing: ReportsEngine-impl.jar
2026-04-21 08:53:23.472 [main] INFO  effortanalyzer.library.LibraryUpgradeAnalyzer - Analyzing: ReportsEngine.jar
2026-04-21 08:53:23.504 [main] INFO  effortanalyzer.library.LibraryUpgradeAnalyzer - Analyzing: resource-caching-manager.jar
2026-04-21 08:53:23.504 [main] INFO  effortanalyzer.library.LibraryUpgradeAnalyzer - Analyzing: ResourceInventory-ejb.jar
2026-04-21 08:53:23.980 [main] INFO  effortanalyzer.library.LibraryUpgradeAnalyzer - Analyzing: ResourceInventory-impl.jar
2026-04-21 08:53:23.980 [main] INFO  effortanalyzer.library.LibraryUpgradeAnalyzer - Analyzing: ResourceInventory.jar
2026-04-21 08:53:24.154 [main] INFO  effortanalyzer.library.LibraryUpgradeAnalyzer - Analyzing: rest-framework-api.jar
2026-04-21 08:53:24.154 [main] INFO  effortanalyzer.library.LibraryUpgradeAnalyzer - Analyzing: rest-framework-di-integration-impl.jar
2026-04-21 08:53:24.170 [main] INFO  effortanalyzer.library.LibraryUpgradeAnalyzer - Analyzing: rest-framework-jersey-api.jar
2026-04-21 08:53:24.170 [main] INFO  effortanalyzer.library.LibraryUpgradeAnalyzer - Analyzing: rest-framework-jersey-impl.jar
2026-04-21 08:53:24.170 [main] INFO  effortanalyzer.library.LibraryUpgradeAnalyzer - Analyzing: ri-operations-framework.jar
2026-04-21 08:53:24.186 [main] INFO  effortanalyzer.library.LibraryUpgradeAnalyzer - Analyzing: role-based-access-control.jar
2026-04-21 08:53:24.186 [main] INFO  effortanalyzer.library.LibraryUpgradeAnalyzer - Analyzing: Scripting-ejb.jar
2026-04-21 08:53:24.201 [main] INFO  effortanalyzer.library.LibraryUpgradeAnalyzer - Analyzing: Scripting.jar
2026-04-21 08:53:24.233 [main] INFO  effortanalyzer.library.LibraryUpgradeAnalyzer - Analyzing: search-dsl-api.jar
2026-04-21 08:53:24.233 [main] INFO  effortanalyzer.library.LibraryUpgradeAnalyzer - Analyzing: search-dsl-impl.jar
2026-04-21 08:53:24.233 [main] INFO  effortanalyzer.library.LibraryUpgradeAnalyzer - Analyzing: SearchEngine-ejb.jar
2026-04-21 08:53:24.265 [main] INFO  effortanalyzer.library.LibraryUpgradeAnalyzer - Analyzing: SearchEngine-impl.jar
2026-04-21 08:53:24.345 [main] INFO  effortanalyzer.library.LibraryUpgradeAnalyzer - Analyzing: SearchEngine.jar
2026-04-21 08:53:24.456 [main] INFO  effortanalyzer.library.LibraryUpgradeAnalyzer - Analyzing: security-filters.jar
2026-04-21 08:53:24.456 [main] INFO  effortanalyzer.library.LibraryUpgradeAnalyzer - Analyzing: simpleclient.jar
2026-04-21 08:53:24.472 [main] INFO  effortanalyzer.library.LibraryUpgradeAnalyzer - Analyzing: simpleclient_common.jar
2026-04-21 08:53:24.472 [main] INFO  effortanalyzer.library.LibraryUpgradeAnalyzer - Analyzing: SkillManagement-api.jar
2026-04-21 08:53:24.472 [main] INFO  effortanalyzer.library.LibraryUpgradeAnalyzer - Analyzing: TAR-ejb.jar
2026-04-21 08:53:24.472 [main] INFO  effortanalyzer.library.LibraryUpgradeAnalyzer - Analyzing: TAR-impl.jar
2026-04-21 08:53:24.488 [main] INFO  effortanalyzer.library.LibraryUpgradeAnalyzer - Analyzing: TAR-Test.jar
2026-04-21 08:53:24.504 [main] INFO  effortanalyzer.library.LibraryUpgradeAnalyzer - Analyzing: TAR.jar
2026-04-21 08:53:24.504 [main] INFO  effortanalyzer.library.LibraryUpgradeAnalyzer - Analyzing: TARSmokeTest.jar
2026-04-21 08:53:24.504 [main] INFO  effortanalyzer.library.LibraryUpgradeAnalyzer - Analyzing: telemetry-api-api.jar
2026-04-21 08:53:24.520 [main] INFO  effortanalyzer.library.LibraryUpgradeAnalyzer - Analyzing: TextualUI-ejb.jar
2026-04-21 08:53:24.552 [main] INFO  effortanalyzer.library.LibraryUpgradeAnalyzer - Analyzing: TextualUI-impl.jar
2026-04-21 08:53:24.552 [main] INFO  effortanalyzer.library.LibraryUpgradeAnalyzer - Analyzing: TextualUI.jar
2026-04-21 08:53:24.567 [main] INFO  effortanalyzer.library.LibraryUpgradeAnalyzer - Analyzing: ThreadManagement.jar
2026-04-21 08:53:24.569 [main] INFO  effortanalyzer.library.LibraryUpgradeAnalyzer - Analyzing: ThreadManagementSmokeTests.jar
2026-04-21 08:53:24.573 [main] INFO  effortanalyzer.library.LibraryUpgradeAnalyzer - Analyzing: ui-data-sources-bo-impl.jar
2026-04-21 08:53:24.581 [main] INFO  effortanalyzer.library.LibraryUpgradeAnalyzer - Analyzing: ui-data-sources-bo.jar
2026-04-21 08:53:24.599 [main] INFO  effortanalyzer.library.LibraryUpgradeAnalyzer - Analyzing: ui-data-sources-ejb.jar
2026-04-21 08:53:24.599 [main] INFO  effortanalyzer.library.LibraryUpgradeAnalyzer - Analyzing: ui-data-sources-impl.jar
2026-04-21 08:53:24.663 [main] INFO  effortanalyzer.library.LibraryUpgradeAnalyzer - Analyzing: ui-data-sources-internal-api.jar
2026-04-21 08:53:24.663 [main] INFO  effortanalyzer.library.LibraryUpgradeAnalyzer - Analyzing: ui-data-sources-rest.jar
2026-04-21 08:53:24.679 [main] INFO  effortanalyzer.library.LibraryUpgradeAnalyzer - Analyzing: ui-data-sources.jar
2026-04-21 08:53:24.726 [main] INFO  effortanalyzer.library.LibraryUpgradeAnalyzer - Analyzing: ui-platform-api.jar
2026-04-21 08:53:24.726 [main] INFO  effortanalyzer.library.LibraryUpgradeAnalyzer - Analyzing: ui-toolkit-api-dist.jar
2026-04-21 08:53:24.726 [main] INFO  effortanalyzer.library.LibraryUpgradeAnalyzer - Analyzing: ui-toolkit-app-common-impl.jar
2026-04-21 08:53:24.726 [main] INFO  effortanalyzer.library.LibraryUpgradeAnalyzer - Analyzing: ui-toolkit-app-common.jar
2026-04-21 08:53:24.742 [main] INFO  effortanalyzer.library.LibraryUpgradeAnalyzer - Analyzing: ui-toolkit-bbcode-api-dist.jar
2026-04-21 08:53:24.742 [main] INFO  effortanalyzer.library.LibraryUpgradeAnalyzer - Analyzing: ui-toolkit-bbcode-impl.jar
2026-04-21 08:53:24.742 [main] INFO  effortanalyzer.library.LibraryUpgradeAnalyzer - Analyzing: UIGT-ejb.jar
2026-04-21 08:53:24.838 [main] INFO  effortanalyzer.library.LibraryUpgradeAnalyzer - Analyzing: UIGT-impl.jar
2026-04-21 08:53:24.854 [main] INFO  effortanalyzer.library.LibraryUpgradeAnalyzer - Analyzing: UIGT.jar
2026-04-21 08:53:24.981 [main] INFO  effortanalyzer.library.LibraryUpgradeAnalyzer - Analyzing: UISpecificCore-impl.jar
2026-04-21 08:53:24.981 [main] INFO  effortanalyzer.library.LibraryUpgradeAnalyzer - Analyzing: UISpecificCore.jar
2026-04-21 08:53:25.029 [main] INFO  effortanalyzer.library.LibraryUpgradeAnalyzer - Analyzing: UI_Plugins.jar
2026-04-21 08:53:25.029 [main] INFO  effortanalyzer.library.LibraryUpgradeAnalyzer - Analyzing: user-and-grants-management-ui-ejb.jar
2026-04-21 08:53:25.053 [main] INFO  effortanalyzer.library.LibraryUpgradeAnalyzer - Analyzing: user-and-grants-management-ui-impl.jar
2026-04-21 08:53:25.053 [main] INFO  effortanalyzer.library.LibraryUpgradeAnalyzer - Analyzing: user-and-grants-management-ui.jar
2026-04-21 08:53:25.077 [main] INFO  effortanalyzer.library.LibraryUpgradeAnalyzer - Analyzing: user-grants-management-ejb.jar
2026-04-21 08:53:25.077 [main] INFO  effortanalyzer.library.LibraryUpgradeAnalyzer - Analyzing: user-grants-management-impl.jar
2026-04-21 08:53:25.093 [main] INFO  effortanalyzer.library.LibraryUpgradeAnalyzer - Analyzing: user-grants-management.jar
2026-04-21 08:53:25.108 [main] INFO  effortanalyzer.library.LibraryUpgradeAnalyzer - Analyzing: user-task-engine-api.jar
2026-04-21 08:53:25.124 [main] INFO  effortanalyzer.library.LibraryUpgradeAnalyzer - Analyzing: user-task-engine-impl.jar
2026-04-21 08:53:25.141 [main] INFO  effortanalyzer.library.LibraryUpgradeAnalyzer - Analyzing: user-task-engine-smoketests-impl.jar
2026-04-21 08:53:25.141 [main] INFO  effortanalyzer.library.LibraryUpgradeAnalyzer - Analyzing: WidgetsFrm-ejb.jar
2026-04-21 08:53:25.153 [main] INFO  effortanalyzer.library.LibraryUpgradeAnalyzer - Analyzing: WidgetsFrm.jar
2026-04-21 08:53:25.156 [main] INFO  effortanalyzer.library.LibraryUpgradeAnalyzer - Analyzing: WidgetsOOB.jar
2026-04-21 08:53:25.181 [main] INFO  effortanalyzer.library.LibraryUpgradeAnalyzer - Analyzing: Workflow-ejb.jar
2026-04-21 08:53:25.840 [main] INFO  effortanalyzer.library.LibraryUpgradeAnalyzer - Analyzing: Workflow-impl.jar
2026-04-21 08:53:25.856 [main] INFO  effortanalyzer.library.LibraryUpgradeAnalyzer - Analyzing: Workflow.jar
2026-04-21 08:53:25.856 [main] INFO  effortanalyzer.library.LibraryUpgradeAnalyzer - Analyzing: WorkflowSmokeTests.jar
2026-04-21 08:53:25.907 [main] INFO  effortanalyzer.library.LibraryUpgradeAnalyzer - Analyzing: XPath-ejb.jar
2026-04-21 08:53:25.955 [main] INFO  effortanalyzer.library.LibraryUpgradeAnalyzer - Analyzing: XPath.jar
2026-04-21 08:53:25.967 [main] INFO  effortanalyzer.library.LibraryUpgradeAnalyzer - Analysis complete. Total findings: 59
2026-04-21 08:53:25.985 [main] WARN  effortanalyzer.upgrade.UpgradeAnalyzer - Output file already exists and will be overwritten: C:\Development\Documents\EffortAnalyzer\EffortAnalyzer\Upgrade-Compatibility-Report.xlsx
2026-04-21 08:53:29.128 [main] INFO  effortanalyzer.upgrade.UpgradeAnalyzer - Report written: C:\Development\Documents\EffortAnalyzer\EffortAnalyzer\Upgrade-Compatibility-Report.xlsx
2026-04-21 08:53:29.128 [main] INFO  effortanalyzer.EffortAnalyzerApp - Upgrade compatibility analysis complete → Upgrade-Compatibility-Report.xlsx
2026-04-21 08:59:36.974 [main] INFO  effortanalyzer.EffortAnalyzerApp - Running module: upgrade
2026-04-21 08:59:36.977 [main] INFO  effortanalyzer.EffortAnalyzerApp - Output file:    Upgrade-Compatibility-Report.xlsx
2026-04-21 08:59:37.072 [main] INFO  effortanalyzer.library.LibraryUpgradeRules - Loaded custom rules from stream
2026-04-21 08:59:37.072 [main] INFO  effortanalyzer.library.LibraryUpgradeRules - Loaded custom rules from stream
2026-04-21 08:59:37.072 [main] INFO  effortanalyzer.library.LibraryUpgradeRules - Loaded 239 library upgrade compatibility rules (16 excluded)
2026-04-21 08:59:37.072 [main] INFO  effortanalyzer.upgrade.UpgradeAnalyzer - Exclusions active: 16
2026-04-21 08:59:37.072 [main] INFO  effortanalyzer.upgrade.UpgradeAnalyzer - IBM scanner available: true (C:\Development\Documents\EffortAnalyzer\EffortAnalyzer\binaryAppScanner.jar)
2026-04-21 08:59:37.072 [main] INFO  effortanalyzer.upgrade.UpgradeAnalyzer - Cleaning existing IBM JSON output directory: C:\Development\Documents\EffortAnalyzer\EffortAnalyzer\reports
2026-04-21 08:59:37.072 [main] INFO  effortanalyzer.upgrade.UpgradeAnalyzer - Running IBM scanner: C:\Program Files\Java\jdk-21.0.10\bin\java.exe -jar C:\Development\Documents\EffortAnalyzer\EffortAnalyzer\binaryAppScanner.jar c:\Development\JBoss\Jars2\ --analyzeJavaSE --sourceJava=oracle8 --targetJava=java21 --format=json --output=C:\Development\Documents\EffortAnalyzer\EffortAnalyzer\reports
2026-04-21 09:00:35.646 [main] INFO  effortanalyzer.upgrade.UpgradeAnalyzer - Parsing 190 IBM JSON report(s) from C:\Development\Documents\EffortAnalyzer\EffortAnalyzer\reports
2026-04-21 09:00:35.946 [main] INFO  effortanalyzer.library.LibraryUpgradeAnalyzer - Found 190 JAR files to analyze
2026-04-21 09:00:35.946 [main] INFO  effortanalyzer.library.LibraryUpgradeAnalyzer - Analyzing: AdminTool-ejb.jar
2026-04-21 09:00:35.962 [main] INFO  effortanalyzer.library.LibraryUpgradeAnalyzer - Analyzing: AttachmentManagement-impl.jar
2026-04-21 09:00:36.001 [main] INFO  effortanalyzer.library.LibraryUpgradeAnalyzer - Analyzing: AttachmentManagement.jar
2026-04-21 09:00:36.031 [main] INFO  effortanalyzer.library.LibraryUpgradeAnalyzer - Analyzing: audit-trail-monitor-impl.jar
2026-04-21 09:00:36.095 [main] INFO  effortanalyzer.library.LibraryUpgradeAnalyzer - Analyzing: audit-trail-monitor.jar
2026-04-21 09:00:36.106 [main] INFO  effortanalyzer.library.LibraryUpgradeAnalyzer - Analyzing: AuthFramework-impl.jar
2026-04-21 09:00:36.106 [main] INFO  effortanalyzer.library.LibraryUpgradeAnalyzer - Analyzing: AuthFramework.jar
2026-04-21 09:00:36.279 [main] INFO  effortanalyzer.library.LibraryUpgradeAnalyzer - Analyzing: base-administrative-tools-ejb.jar
2026-04-21 09:00:36.438 [main] INFO  effortanalyzer.library.LibraryUpgradeAnalyzer - Analyzing: base-administrative-tools.jar
2026-04-21 09:00:36.438 [main] INFO  effortanalyzer.library.LibraryUpgradeAnalyzer - Analyzing: Calendar-impl.jar
2026-04-21 09:00:36.453 [main] INFO  effortanalyzer.library.LibraryUpgradeAnalyzer - Analyzing: Calendar.jar
2026-04-21 09:00:36.485 [main] INFO  effortanalyzer.library.LibraryUpgradeAnalyzer - Analyzing: CBTUI_NCComponents.jar
2026-04-21 09:00:36.485 [main] INFO  effortanalyzer.library.LibraryUpgradeAnalyzer - Analyzing: cluster-and-runtime-services-ejb.jar
2026-04-21 09:00:36.485 [main] INFO  effortanalyzer.library.LibraryUpgradeAnalyzer - Analyzing: cluster-and-runtime-services-impl.jar
2026-04-21 09:00:36.508 [main] INFO  effortanalyzer.library.LibraryUpgradeAnalyzer - Analyzing: cluster-and-runtime-services.jar
2026-04-21 09:00:36.533 [main] INFO  effortanalyzer.library.LibraryUpgradeAnalyzer - Analyzing: Core-impl.jar
2026-04-21 09:00:36.533 [main] INFO  effortanalyzer.library.LibraryUpgradeAnalyzer - Analyzing: core-objects-operations-layer-ejb.jar
2026-04-21 09:00:36.642 [main] INFO  effortanalyzer.library.LibraryUpgradeAnalyzer - Analyzing: core-objects-operations-layer-impl.jar
2026-04-21 09:00:36.643 [main] INFO  effortanalyzer.library.LibraryUpgradeAnalyzer - Analyzing: core-objects-operations-layer.jar
2026-04-21 09:00:36.769 [main] INFO  effortanalyzer.library.LibraryUpgradeAnalyzer - Analyzing: Core.jar
2026-04-21 09:00:36.817 [main] INFO  effortanalyzer.library.LibraryUpgradeAnalyzer - Analyzing: cUtils-ejb.jar
2026-04-21 09:00:36.833 [main] INFO  effortanalyzer.library.LibraryUpgradeAnalyzer - Analyzing: cUtils-impl.jar
2026-04-21 09:00:36.850 [main] INFO  effortanalyzer.library.LibraryUpgradeAnalyzer - Analyzing: cUtils-internal-api.jar
2026-04-21 09:00:36.850 [main] INFO  effortanalyzer.library.LibraryUpgradeAnalyzer - Analyzing: cUtils.jar
2026-04-21 09:00:36.991 [main] INFO  effortanalyzer.library.LibraryUpgradeAnalyzer - Analyzing: data-object-beans-annotations.jar
2026-04-21 09:00:37.007 [main] INFO  effortanalyzer.library.LibraryUpgradeAnalyzer - Analyzing: data-object-beans-impl.jar
2026-04-21 09:00:37.084 [main] INFO  effortanalyzer.library.LibraryUpgradeAnalyzer - Analyzing: data-object-beans-internal-api.jar
2026-04-21 09:00:37.086 [main] INFO  effortanalyzer.library.LibraryUpgradeAnalyzer - Analyzing: data-object-beans.jar
2026-04-21 09:00:37.118 [main] INFO  effortanalyzer.library.LibraryUpgradeAnalyzer - Analyzing: dataaccess-impl.jar
2026-04-21 09:00:37.159 [main] INFO  effortanalyzer.library.LibraryUpgradeAnalyzer - Analyzing: dataaccess.jar
2026-04-21 09:00:37.359 [main] INFO  effortanalyzer.library.LibraryUpgradeAnalyzer - Analyzing: datacache-impl.jar
2026-04-21 09:00:37.378 [main] INFO  effortanalyzer.library.LibraryUpgradeAnalyzer - Analyzing: datacache.jar
2026-04-21 09:00:37.391 [main] INFO  effortanalyzer.library.LibraryUpgradeAnalyzer - Analyzing: DataSourceFramework-impl.jar
2026-04-21 09:00:37.518 [main] INFO  effortanalyzer.library.LibraryUpgradeAnalyzer - Analyzing: DataSourceFramework.jar
2026-04-21 09:00:37.550 [main] INFO  effortanalyzer.library.LibraryUpgradeAnalyzer - Analyzing: di-commons-bridge-api.jar
2026-04-21 09:00:37.550 [main] INFO  effortanalyzer.library.LibraryUpgradeAnalyzer - Analyzing: di-commons-bridge-impl.jar
2026-04-21 09:00:37.565 [main] INFO  effortanalyzer.library.LibraryUpgradeAnalyzer - Analyzing: DSF-SmokeTest.jar
2026-04-21 09:00:37.629 [main] INFO  effortanalyzer.library.LibraryUpgradeAnalyzer - Analyzing: encryption-services-api.jar
2026-04-21 09:00:37.645 [main] INFO  effortanalyzer.library.LibraryUpgradeAnalyzer - Analyzing: encryption-services-impl.jar
2026-04-21 09:00:37.684 [main] INFO  effortanalyzer.library.LibraryUpgradeAnalyzer - Analyzing: encryption-services-tool.jar
2026-04-21 09:00:37.686 [main] INFO  effortanalyzer.library.LibraryUpgradeAnalyzer - Analyzing: ErrorHandling-ejb.jar
2026-04-21 09:00:37.693 [main] INFO  effortanalyzer.library.LibraryUpgradeAnalyzer - Analyzing: ErrorHandling-impl.jar
2026-04-21 09:00:37.876 [main] INFO  effortanalyzer.library.LibraryUpgradeAnalyzer - Analyzing: ErrorHandling.jar
2026-04-21 09:00:37.912 [main] INFO  effortanalyzer.library.LibraryUpgradeAnalyzer - Analyzing: esapi.jar
2026-04-21 09:00:38.043 [main] INFO  effortanalyzer.library.LibraryUpgradeAnalyzer - Analyzing: exception-handling-api-dist.jar
2026-04-21 09:00:38.045 [main] INFO  effortanalyzer.library.LibraryUpgradeAnalyzer - Analyzing: exception-handling-generalization-impl.jar
2026-04-21 09:00:38.045 [main] INFO  effortanalyzer.library.LibraryUpgradeAnalyzer - Analyzing: exception-handling-impl.jar
2026-04-21 09:00:38.045 [main] INFO  effortanalyzer.library.LibraryUpgradeAnalyzer - Analyzing: exception-handling-internal-api.jar
2026-04-21 09:00:38.045 [main] INFO  effortanalyzer.library.LibraryUpgradeAnalyzer - Analyzing: ExportImport-ejb.jar
2026-04-21 09:00:38.235 [main] INFO  effortanalyzer.library.LibraryUpgradeAnalyzer - Analyzing: ExportImport-impl.jar
2026-04-21 09:00:38.238 [main] INFO  effortanalyzer.library.LibraryUpgradeAnalyzer - Analyzing: ExportSubsystem.jar
2026-04-21 09:00:38.285 [main] INFO  effortanalyzer.library.LibraryUpgradeAnalyzer - Analyzing: frontend-backend-interaction-security.jar
2026-04-21 09:00:38.306 [main] INFO  effortanalyzer.library.LibraryUpgradeAnalyzer - Analyzing: GenericTree.jar
2026-04-21 09:00:38.306 [main] INFO  effortanalyzer.library.LibraryUpgradeAnalyzer - Analyzing: history-framework-ejb.jar
2026-04-21 09:00:38.317 [main] INFO  effortanalyzer.library.LibraryUpgradeAnalyzer - Analyzing: history-framework-impl.jar
2026-04-21 09:00:38.358 [main] INFO  effortanalyzer.library.LibraryUpgradeAnalyzer - Analyzing: history-framework-legacy-ui-ejb.jar
2026-04-21 09:00:38.397 [main] INFO  effortanalyzer.library.LibraryUpgradeAnalyzer - Analyzing: history-framework.jar
2026-04-21 09:00:38.413 [main] INFO  effortanalyzer.library.LibraryUpgradeAnalyzer - Analyzing: jobs-scheduler-bulk-executor-ejb.jar
2026-04-21 09:00:38.430 [main] INFO  effortanalyzer.library.LibraryUpgradeAnalyzer - Analyzing: jobs-scheduler-bulk-executor.jar
2026-04-21 09:00:38.463 [main] INFO  effortanalyzer.library.LibraryUpgradeAnalyzer - Analyzing: Kernel-ejb.jar
2026-04-21 09:00:38.954 [main] INFO  effortanalyzer.library.LibraryUpgradeAnalyzer - Analyzing: Kernel-impl.jar
2026-04-21 09:00:38.969 [main] INFO  effortanalyzer.library.LibraryUpgradeAnalyzer - Analyzing: Kernel.jar
2026-04-21 09:00:39.319 [main] INFO  effortanalyzer.library.LibraryUpgradeAnalyzer - Analyzing: ldap-c-impl.jar
2026-04-21 09:00:39.319 [main] INFO  effortanalyzer.library.LibraryUpgradeAnalyzer - Analyzing: ldap-c.jar
2026-04-21 09:00:39.447 [main] INFO  effortanalyzer.library.LibraryUpgradeAnalyzer - Analyzing: LicenseManager3.jar
2026-04-21 09:00:39.467 [main] INFO  effortanalyzer.library.LibraryUpgradeAnalyzer - Analyzing: MailSender-ejb.jar
2026-04-21 09:00:39.479 [main] INFO  effortanalyzer.library.LibraryUpgradeAnalyzer - Analyzing: MailSender-impl.jar
2026-04-21 09:00:39.512 [main] INFO  effortanalyzer.library.LibraryUpgradeAnalyzer - Analyzing: MailSender.jar
2026-04-21 09:00:39.512 [main] INFO  effortanalyzer.library.LibraryUpgradeAnalyzer - Analyzing: messageengine-impl.jar
2026-04-21 09:00:39.527 [main] INFO  effortanalyzer.library.LibraryUpgradeAnalyzer - Analyzing: messageengine.jar
2026-04-21 09:00:39.543 [main] INFO  effortanalyzer.library.LibraryUpgradeAnalyzer - Analyzing: metamodel-access-layer-api.jar
2026-04-21 09:00:39.608 [main] INFO  effortanalyzer.library.LibraryUpgradeAnalyzer - Analyzing: metamodel-access-layer-cache-impl.jar
2026-04-21 09:00:39.623 [main] INFO  effortanalyzer.library.LibraryUpgradeAnalyzer - Analyzing: metamodel-access-layer-impl.jar
2026-04-21 09:00:39.643 [main] INFO  effortanalyzer.library.LibraryUpgradeAnalyzer - Analyzing: metamodel-access-layer-in-memory-impl.jar
2026-04-21 09:00:39.643 [main] INFO  effortanalyzer.library.LibraryUpgradeAnalyzer - Analyzing: metamodel-access-layer-sql-impl.jar
2026-04-21 09:00:39.653 [main] INFO  effortanalyzer.library.LibraryUpgradeAnalyzer - Analyzing: NamingFramework.jar
2026-04-21 09:00:39.676 [main] INFO  effortanalyzer.library.LibraryUpgradeAnalyzer - Analyzing: NavigationTree-impl.jar
2026-04-21 09:00:39.685 [main] INFO  effortanalyzer.library.LibraryUpgradeAnalyzer - Analyzing: NavigationTree.jar
2026-04-21 09:00:39.685 [main] INFO  effortanalyzer.library.LibraryUpgradeAnalyzer - Analyzing: nc-primary-key-api.jar
2026-04-21 09:00:39.701 [main] INFO  effortanalyzer.library.LibraryUpgradeAnalyzer - Analyzing: nc-primary-key-impl.jar
2026-04-21 09:00:39.701 [main] INFO  effortanalyzer.library.LibraryUpgradeAnalyzer - Analyzing: NCDataObjects-1.4.jar
2026-04-21 09:00:39.708 [main] INFO  effortanalyzer.library.LibraryUpgradeAnalyzer - Analyzing: NCDataObjects-impl.jar
2026-04-21 09:00:39.955 [main] INFO  effortanalyzer.library.LibraryUpgradeAnalyzer - Analyzing: NCDataObjects-internal-api.jar
2026-04-21 09:00:39.971 [main] INFO  effortanalyzer.library.LibraryUpgradeAnalyzer - Analyzing: NCDataObjects.jar
2026-04-21 09:00:40.289 [main] INFO  effortanalyzer.library.LibraryUpgradeAnalyzer - Analyzing: ncdo-plugins-impl.jar
2026-04-21 09:00:40.321 [main] INFO  effortanalyzer.library.LibraryUpgradeAnalyzer - Analyzing: ncdo-plugins.jar
2026-04-21 09:00:40.321 [main] INFO  effortanalyzer.library.LibraryUpgradeAnalyzer - Analyzing: NCtemplates-impl.jar
2026-04-21 09:00:40.321 [main] INFO  effortanalyzer.library.LibraryUpgradeAnalyzer - Analyzing: NCtemplates.jar
2026-04-21 09:00:40.335 [main] INFO  effortanalyzer.library.LibraryUpgradeAnalyzer - Analyzing: netcracker-license-administrator.jar
2026-04-21 09:00:40.339 [main] INFO  effortanalyzer.library.LibraryUpgradeAnalyzer - Analyzing: nodes-load-balancer-ejb.jar
2026-04-21 09:00:40.339 [main] INFO  effortanalyzer.library.LibraryUpgradeAnalyzer - Analyzing: nodes-load-balancer-impl.jar
2026-04-21 09:00:40.352 [main] INFO  effortanalyzer.library.LibraryUpgradeAnalyzer - Analyzing: nodes-load-balancer.jar
2026-04-21 09:00:40.369 [main] INFO  effortanalyzer.library.LibraryUpgradeAnalyzer - Analyzing: not-yet-commons-ssl.jar
2026-04-21 09:00:40.464 [main] INFO  effortanalyzer.library.LibraryUpgradeAnalyzer - Analyzing: NWPLEngine-impl.jar
2026-04-21 09:00:40.507 [main] INFO  effortanalyzer.library.LibraryUpgradeAnalyzer - Analyzing: NWPLEngine.jar
2026-04-21 09:00:40.561 [main] INFO  effortanalyzer.library.LibraryUpgradeAnalyzer - Analyzing: oauth2-oidc-sdk.jar
2026-04-21 09:00:40.801 [main] INFO  effortanalyzer.library.LibraryUpgradeAnalyzer - Analyzing: platform-abstraction-layer-impl-weblogic.jar
2026-04-21 09:00:40.828 [main] INFO  effortanalyzer.library.LibraryUpgradeAnalyzer - Analyzing: platform-abstraction-layer-impl.jar
2026-04-21 09:00:40.845 [main] INFO  effortanalyzer.library.LibraryUpgradeAnalyzer - Analyzing: platform-abstraction-layer.jar
2026-04-21 09:00:40.862 [main] INFO  effortanalyzer.library.LibraryUpgradeAnalyzer - Analyzing: platform-data-transport-do.jar
2026-04-21 09:00:40.876 [main] INFO  effortanalyzer.library.LibraryUpgradeAnalyzer - Analyzing: platform-data-transport-impl.jar
2026-04-21 09:00:40.971 [main] INFO  effortanalyzer.library.LibraryUpgradeAnalyzer - Analyzing: platform-data-transport-ncdo.jar
2026-04-21 09:00:40.987 [main] INFO  effortanalyzer.library.LibraryUpgradeAnalyzer - Analyzing: platform-data-transport-remoting.jar
2026-04-21 09:00:41.003 [main] INFO  effortanalyzer.library.LibraryUpgradeAnalyzer - Analyzing: platform-data-transport-smoke-tests.jar
2026-04-21 09:00:41.051 [main] INFO  effortanalyzer.library.LibraryUpgradeAnalyzer - Analyzing: platform-data-transport.jar
2026-04-21 09:00:41.130 [main] INFO  effortanalyzer.library.LibraryUpgradeAnalyzer - Analyzing: PlatformSmokeTest.jar
2026-04-21 09:00:41.162 [main] INFO  effortanalyzer.library.LibraryUpgradeAnalyzer - Analyzing: PlatformUtils.jar
2026-04-21 09:00:41.329 [main] INFO  effortanalyzer.library.LibraryUpgradeAnalyzer - Analyzing: PolicyFramework.jar
2026-04-21 09:00:41.337 [main] INFO  effortanalyzer.library.LibraryUpgradeAnalyzer - Analyzing: QuartzScheduler-ejb.jar
2026-04-21 09:00:41.401 [main] INFO  effortanalyzer.library.LibraryUpgradeAnalyzer - Analyzing: QuartzScheduler-impl.jar
2026-04-21 09:00:41.417 [main] INFO  effortanalyzer.library.LibraryUpgradeAnalyzer - Analyzing: QuartzScheduler.jar
2026-04-21 09:00:41.480 [main] INFO  effortanalyzer.library.LibraryUpgradeAnalyzer - Analyzing: QueryBuilder-impl.jar
2026-04-21 09:00:41.480 [main] INFO  effortanalyzer.library.LibraryUpgradeAnalyzer - Analyzing: QueryBuilder.jar
2026-04-21 09:00:41.544 [main] INFO  effortanalyzer.library.LibraryUpgradeAnalyzer - Analyzing: ReferenceSelector-impl.jar
2026-04-21 09:00:41.598 [main] INFO  effortanalyzer.library.LibraryUpgradeAnalyzer - Analyzing: ReferenceSelector.jar
2026-04-21 09:00:41.732 [main] INFO  effortanalyzer.library.LibraryUpgradeAnalyzer - Analyzing: reports-scheduler-ejb.jar
2026-04-21 09:00:41.735 [main] INFO  effortanalyzer.library.LibraryUpgradeAnalyzer - Analyzing: reports-scheduler-impl.jar
2026-04-21 09:00:41.735 [main] INFO  effortanalyzer.library.LibraryUpgradeAnalyzer - Analyzing: reports-scheduler.jar
2026-04-21 09:00:41.767 [main] INFO  effortanalyzer.library.LibraryUpgradeAnalyzer - Analyzing: ReportsEngine-ejb.jar
2026-04-21 09:00:41.896 [main] INFO  effortanalyzer.library.LibraryUpgradeAnalyzer - Analyzing: ReportsEngine-impl.jar
2026-04-21 09:00:42.007 [main] INFO  effortanalyzer.library.LibraryUpgradeAnalyzer - Analyzing: ReportsEngine.jar
2026-04-21 09:00:42.040 [main] INFO  effortanalyzer.library.LibraryUpgradeAnalyzer - Analyzing: resource-caching-manager.jar
2026-04-21 09:00:42.054 [main] INFO  effortanalyzer.library.LibraryUpgradeAnalyzer - Analyzing: ResourceInventory-ejb.jar
2026-04-21 09:00:42.819 [main] INFO  effortanalyzer.library.LibraryUpgradeAnalyzer - Analyzing: ResourceInventory-impl.jar
2026-04-21 09:00:42.819 [main] INFO  effortanalyzer.library.LibraryUpgradeAnalyzer - Analyzing: ResourceInventory.jar
2026-04-21 09:00:43.477 [main] INFO  effortanalyzer.library.LibraryUpgradeAnalyzer - Analyzing: rest-framework-api.jar
2026-04-21 09:00:43.484 [main] INFO  effortanalyzer.library.LibraryUpgradeAnalyzer - Analyzing: rest-framework-di-integration-impl.jar
2026-04-21 09:00:43.484 [main] INFO  effortanalyzer.library.LibraryUpgradeAnalyzer - Analyzing: rest-framework-jersey-api.jar
2026-04-21 09:00:43.484 [main] INFO  effortanalyzer.library.LibraryUpgradeAnalyzer - Analyzing: rest-framework-jersey-impl.jar
2026-04-21 09:00:43.484 [main] INFO  effortanalyzer.library.LibraryUpgradeAnalyzer - Analyzing: ri-operations-framework.jar
2026-04-21 09:00:43.518 [main] INFO  effortanalyzer.library.LibraryUpgradeAnalyzer - Analyzing: role-based-access-control.jar
2026-04-21 09:00:43.528 [main] INFO  effortanalyzer.library.LibraryUpgradeAnalyzer - Analyzing: Scripting-ejb.jar
2026-04-21 09:00:43.540 [main] INFO  effortanalyzer.library.LibraryUpgradeAnalyzer - Analyzing: Scripting.jar
2026-04-21 09:00:43.568 [main] INFO  effortanalyzer.library.LibraryUpgradeAnalyzer - Analyzing: search-dsl-api.jar
2026-04-21 09:00:43.584 [main] INFO  effortanalyzer.library.LibraryUpgradeAnalyzer - Analyzing: search-dsl-impl.jar
2026-04-21 09:00:43.584 [main] INFO  effortanalyzer.library.LibraryUpgradeAnalyzer - Analyzing: SearchEngine-ejb.jar
2026-04-21 09:00:43.630 [main] INFO  effortanalyzer.library.LibraryUpgradeAnalyzer - Analyzing: SearchEngine-impl.jar
2026-04-21 09:00:43.768 [main] INFO  effortanalyzer.library.LibraryUpgradeAnalyzer - Analyzing: SearchEngine.jar
2026-04-21 09:00:43.918 [main] INFO  effortanalyzer.library.LibraryUpgradeAnalyzer - Analyzing: security-filters.jar
2026-04-21 09:00:43.918 [main] INFO  effortanalyzer.library.LibraryUpgradeAnalyzer - Analyzing: simpleclient.jar
2026-04-21 09:00:43.935 [main] INFO  effortanalyzer.library.LibraryUpgradeAnalyzer - Analyzing: simpleclient_common.jar
2026-04-21 09:00:43.935 [main] INFO  effortanalyzer.library.LibraryUpgradeAnalyzer - Analyzing: SkillManagement-api.jar
2026-04-21 09:00:43.935 [main] INFO  effortanalyzer.library.LibraryUpgradeAnalyzer - Analyzing: TAR-ejb.jar
2026-04-21 09:00:43.951 [main] INFO  effortanalyzer.library.LibraryUpgradeAnalyzer - Analyzing: TAR-impl.jar
2026-04-21 09:00:43.968 [main] INFO  effortanalyzer.library.LibraryUpgradeAnalyzer - Analyzing: TAR-Test.jar
2026-04-21 09:00:43.968 [main] INFO  effortanalyzer.library.LibraryUpgradeAnalyzer - Analyzing: TAR.jar
2026-04-21 09:00:43.984 [main] INFO  effortanalyzer.library.LibraryUpgradeAnalyzer - Analyzing: TARSmokeTest.jar
2026-04-21 09:00:43.984 [main] INFO  effortanalyzer.library.LibraryUpgradeAnalyzer - Analyzing: telemetry-api-api.jar
2026-04-21 09:00:44.001 [main] INFO  effortanalyzer.library.LibraryUpgradeAnalyzer - Analyzing: TextualUI-ejb.jar
2026-04-21 09:00:44.037 [main] INFO  effortanalyzer.library.LibraryUpgradeAnalyzer - Analyzing: TextualUI-impl.jar
2026-04-21 09:00:44.051 [main] INFO  effortanalyzer.library.LibraryUpgradeAnalyzer - Analyzing: TextualUI.jar
2026-04-21 09:00:44.053 [main] INFO  effortanalyzer.library.LibraryUpgradeAnalyzer - Analyzing: ThreadManagement.jar
2026-04-21 09:00:44.053 [main] INFO  effortanalyzer.library.LibraryUpgradeAnalyzer - Analyzing: ThreadManagementSmokeTests.jar
2026-04-21 09:00:44.053 [main] INFO  effortanalyzer.library.LibraryUpgradeAnalyzer - Analyzing: ui-data-sources-bo-impl.jar
2026-04-21 09:00:44.069 [main] INFO  effortanalyzer.library.LibraryUpgradeAnalyzer - Analyzing: ui-data-sources-bo.jar
2026-04-21 09:00:44.085 [main] INFO  effortanalyzer.library.LibraryUpgradeAnalyzer - Analyzing: ui-data-sources-ejb.jar
2026-04-21 09:00:44.088 [main] INFO  effortanalyzer.library.LibraryUpgradeAnalyzer - Analyzing: ui-data-sources-impl.jar
2026-04-21 09:00:44.198 [main] INFO  effortanalyzer.library.LibraryUpgradeAnalyzer - Analyzing: ui-data-sources-internal-api.jar
2026-04-21 09:00:44.206 [main] INFO  effortanalyzer.library.LibraryUpgradeAnalyzer - Analyzing: ui-data-sources-rest.jar
2026-04-21 09:00:44.214 [main] INFO  effortanalyzer.library.LibraryUpgradeAnalyzer - Analyzing: ui-data-sources.jar
2026-04-21 09:00:44.278 [main] INFO  effortanalyzer.library.LibraryUpgradeAnalyzer - Analyzing: ui-platform-api.jar
2026-04-21 09:00:44.278 [main] INFO  effortanalyzer.library.LibraryUpgradeAnalyzer - Analyzing: ui-toolkit-api-dist.jar
2026-04-21 09:00:44.282 [main] INFO  effortanalyzer.library.LibraryUpgradeAnalyzer - Analyzing: ui-toolkit-app-common-impl.jar
2026-04-21 09:00:44.282 [main] INFO  effortanalyzer.library.LibraryUpgradeAnalyzer - Analyzing: ui-toolkit-app-common.jar
2026-04-21 09:00:44.282 [main] INFO  effortanalyzer.library.LibraryUpgradeAnalyzer - Analyzing: ui-toolkit-bbcode-api-dist.jar
2026-04-21 09:00:44.294 [main] INFO  effortanalyzer.library.LibraryUpgradeAnalyzer - Analyzing: ui-toolkit-bbcode-impl.jar
2026-04-21 09:00:44.294 [main] INFO  effortanalyzer.library.LibraryUpgradeAnalyzer - Analyzing: UIGT-ejb.jar
2026-04-21 09:00:44.421 [main] INFO  effortanalyzer.library.LibraryUpgradeAnalyzer - Analyzing: UIGT-impl.jar
2026-04-21 09:00:44.456 [main] INFO  effortanalyzer.library.LibraryUpgradeAnalyzer - Analyzing: UIGT.jar
2026-04-21 09:00:44.612 [main] INFO  effortanalyzer.library.LibraryUpgradeAnalyzer - Analyzing: UISpecificCore-impl.jar
2026-04-21 09:00:44.616 [main] INFO  effortanalyzer.library.LibraryUpgradeAnalyzer - Analyzing: UISpecificCore.jar
2026-04-21 09:00:44.681 [main] INFO  effortanalyzer.library.LibraryUpgradeAnalyzer - Analyzing: UI_Plugins.jar
2026-04-21 09:00:44.683 [main] INFO  effortanalyzer.library.LibraryUpgradeAnalyzer - Analyzing: user-and-grants-management-ui-ejb.jar
2026-04-21 09:00:44.709 [main] INFO  effortanalyzer.library.LibraryUpgradeAnalyzer - Analyzing: user-and-grants-management-ui-impl.jar
2026-04-21 09:00:44.714 [main] INFO  effortanalyzer.library.LibraryUpgradeAnalyzer - Analyzing: user-and-grants-management-ui.jar
2026-04-21 09:00:44.737 [main] INFO  effortanalyzer.library.LibraryUpgradeAnalyzer - Analyzing: user-grants-management-ejb.jar
2026-04-21 09:00:44.752 [main] INFO  effortanalyzer.library.LibraryUpgradeAnalyzer - Analyzing: user-grants-management-impl.jar
2026-04-21 09:00:44.770 [main] INFO  effortanalyzer.library.LibraryUpgradeAnalyzer - Analyzing: user-grants-management.jar
2026-04-21 09:00:44.788 [main] INFO  effortanalyzer.library.LibraryUpgradeAnalyzer - Analyzing: user-task-engine-api.jar
2026-04-21 09:00:44.817 [main] INFO  effortanalyzer.library.LibraryUpgradeAnalyzer - Analyzing: user-task-engine-impl.jar
2026-04-21 09:00:44.847 [main] INFO  effortanalyzer.library.LibraryUpgradeAnalyzer - Analyzing: user-task-engine-smoketests-impl.jar
2026-04-21 09:00:44.851 [main] INFO  effortanalyzer.library.LibraryUpgradeAnalyzer - Analyzing: WidgetsFrm-ejb.jar
2026-04-21 09:00:44.859 [main] INFO  effortanalyzer.library.LibraryUpgradeAnalyzer - Analyzing: WidgetsFrm.jar
2026-04-21 09:00:44.872 [main] INFO  effortanalyzer.library.LibraryUpgradeAnalyzer - Analyzing: WidgetsOOB.jar
2026-04-21 09:00:44.904 [main] INFO  effortanalyzer.library.LibraryUpgradeAnalyzer - Analyzing: Workflow-ejb.jar
2026-04-21 09:00:45.935 [main] INFO  effortanalyzer.library.LibraryUpgradeAnalyzer - Analyzing: Workflow-impl.jar
2026-04-21 09:00:45.949 [main] INFO  effortanalyzer.library.LibraryUpgradeAnalyzer - Analyzing: Workflow.jar
2026-04-21 09:00:45.970 [main] INFO  effortanalyzer.library.LibraryUpgradeAnalyzer - Analyzing: WorkflowSmokeTests.jar
2026-04-21 09:00:46.028 [main] INFO  effortanalyzer.library.LibraryUpgradeAnalyzer - Analyzing: XPath-ejb.jar
2026-04-21 09:00:46.128 [main] INFO  effortanalyzer.library.LibraryUpgradeAnalyzer - Analyzing: XPath.jar
2026-04-21 09:00:46.143 [main] INFO  effortanalyzer.library.LibraryUpgradeAnalyzer - Analysis complete. Total findings: 59
2026-04-21 09:00:46.154 [main] WARN  effortanalyzer.upgrade.UpgradeAnalyzer - Output file already exists and will be overwritten: C:\Development\Documents\EffortAnalyzer\EffortAnalyzer\Upgrade-Compatibility-Report.xlsx
2026-04-21 09:00:48.043 [main] INFO  effortanalyzer.upgrade.UpgradeAnalyzer - Report written: C:\Development\Documents\EffortAnalyzer\EffortAnalyzer\Upgrade-Compatibility-Report.xlsx
2026-04-21 09:00:48.045 [main] INFO  effortanalyzer.EffortAnalyzerApp - Upgrade compatibility analysis complete → Upgrade-Compatibility-Report.xlsx
2026-04-21 09:40:46.004 [main] INFO  effortanalyzer.EffortAnalyzerApp - Running module: upgrade
2026-04-21 09:40:46.013 [main] INFO  effortanalyzer.EffortAnalyzerApp - Output file:    Upgrade-Compatibility-Report.xlsx
2026-04-21 09:40:46.436 [main] INFO  effortanalyzer.library.LibraryUpgradeRules - Loaded custom rules from stream
2026-04-21 09:40:46.439 [main] INFO  effortanalyzer.library.LibraryUpgradeRules - Loaded custom rules from stream
2026-04-21 09:40:46.446 [main] INFO  effortanalyzer.library.LibraryUpgradeRules - Loaded 239 library upgrade compatibility rules (16 excluded)
2026-04-21 09:40:46.455 [main] INFO  effortanalyzer.upgrade.UpgradeAnalyzer - Exclusions active: 16
2026-04-21 09:40:46.470 [main] INFO  effortanalyzer.upgrade.UpgradeAnalyzer - IBM scanner available: true (C:\Development\Documents\EffortAnalyzer\EffortAnalyzer\binaryAppScanner.jar)
2026-04-21 09:40:46.507 [main] INFO  effortanalyzer.upgrade.UpgradeAnalyzer - Cleaning existing IBM JSON output directory: C:\Development\Documents\EffortAnalyzer\EffortAnalyzer\reports
2026-04-21 09:40:46.519 [main] INFO  effortanalyzer.upgrade.UpgradeAnalyzer - Running IBM scanner: C:\Program Files\Java\jdk-21.0.10\bin\java.exe -jar C:\Development\Documents\EffortAnalyzer\EffortAnalyzer\binaryAppScanner.jar c:\Development\JBoss\Jars2\ --analyzeJavaSE --sourceJava=oracle8 --targetJava=java21 --format=json --output=C:\Development\Documents\EffortAnalyzer\EffortAnalyzer\reports
2026-04-21 09:41:40.952 [main] INFO  effortanalyzer.upgrade.UpgradeAnalyzer - Parsing 190 IBM JSON report(s) from C:\Development\Documents\EffortAnalyzer\EffortAnalyzer\reports
2026-04-21 09:41:41.217 [main] INFO  effortanalyzer.library.LibraryUpgradeAnalyzer - Found 190 JAR files to analyze
2026-04-21 09:41:41.217 [main] INFO  effortanalyzer.library.LibraryUpgradeAnalyzer - Analyzing: AdminTool-ejb.jar
2026-04-21 09:41:41.228 [main] INFO  effortanalyzer.library.LibraryUpgradeAnalyzer - Analyzing: AttachmentManagement-impl.jar
2026-04-21 09:41:41.246 [main] INFO  effortanalyzer.library.LibraryUpgradeAnalyzer - Analyzing: AttachmentManagement.jar
2026-04-21 09:41:41.269 [main] INFO  effortanalyzer.library.LibraryUpgradeAnalyzer - Analyzing: audit-trail-monitor-impl.jar
2026-04-21 09:41:41.322 [main] INFO  effortanalyzer.library.LibraryUpgradeAnalyzer - Analyzing: audit-trail-monitor.jar
2026-04-21 09:41:41.338 [main] INFO  effortanalyzer.library.LibraryUpgradeAnalyzer - Analyzing: AuthFramework-impl.jar
2026-04-21 09:41:41.351 [main] INFO  effortanalyzer.library.LibraryUpgradeAnalyzer - Analyzing: AuthFramework.jar
2026-04-21 09:41:41.529 [main] INFO  effortanalyzer.library.LibraryUpgradeAnalyzer - Analyzing: base-administrative-tools-ejb.jar
2026-04-21 09:41:41.704 [main] INFO  effortanalyzer.library.LibraryUpgradeAnalyzer - Analyzing: base-administrative-tools.jar
2026-04-21 09:41:41.704 [main] INFO  effortanalyzer.library.LibraryUpgradeAnalyzer - Analyzing: Calendar-impl.jar
2026-04-21 09:41:41.719 [main] INFO  effortanalyzer.library.LibraryUpgradeAnalyzer - Analyzing: Calendar.jar
2026-04-21 09:41:41.756 [main] INFO  effortanalyzer.library.LibraryUpgradeAnalyzer - Analyzing: CBTUI_NCComponents.jar
2026-04-21 09:41:41.762 [main] INFO  effortanalyzer.library.LibraryUpgradeAnalyzer - Analyzing: cluster-and-runtime-services-ejb.jar
2026-04-21 09:41:41.769 [main] INFO  effortanalyzer.library.LibraryUpgradeAnalyzer - Analyzing: cluster-and-runtime-services-impl.jar
2026-04-21 09:41:41.779 [main] INFO  effortanalyzer.library.LibraryUpgradeAnalyzer - Analyzing: cluster-and-runtime-services.jar
2026-04-21 09:41:41.820 [main] INFO  effortanalyzer.library.LibraryUpgradeAnalyzer - Analyzing: Core-impl.jar
2026-04-21 09:41:41.827 [main] INFO  effortanalyzer.library.LibraryUpgradeAnalyzer - Analyzing: core-objects-operations-layer-ejb.jar
2026-04-21 09:41:41.973 [main] INFO  effortanalyzer.library.LibraryUpgradeAnalyzer - Analyzing: core-objects-operations-layer-impl.jar
2026-04-21 09:41:41.987 [main] INFO  effortanalyzer.library.LibraryUpgradeAnalyzer - Analyzing: core-objects-operations-layer.jar
2026-04-21 09:41:42.118 [main] INFO  effortanalyzer.library.LibraryUpgradeAnalyzer - Analyzing: Core.jar
2026-04-21 09:41:42.209 [main] INFO  effortanalyzer.library.LibraryUpgradeAnalyzer - Analyzing: cUtils-ejb.jar
2026-04-21 09:41:42.220 [main] INFO  effortanalyzer.library.LibraryUpgradeAnalyzer - Analyzing: cUtils-impl.jar
2026-04-21 09:41:42.222 [main] INFO  effortanalyzer.library.LibraryUpgradeAnalyzer - Analyzing: cUtils-internal-api.jar
2026-04-21 09:41:42.237 [main] INFO  effortanalyzer.library.LibraryUpgradeAnalyzer - Analyzing: cUtils.jar
2026-04-21 09:41:42.355 [main] INFO  effortanalyzer.library.LibraryUpgradeAnalyzer - Analyzing: data-object-beans-annotations.jar
2026-04-21 09:41:42.360 [main] INFO  effortanalyzer.library.LibraryUpgradeAnalyzer - Analyzing: data-object-beans-impl.jar
2026-04-21 09:41:42.424 [main] INFO  effortanalyzer.library.LibraryUpgradeAnalyzer - Analyzing: data-object-beans-internal-api.jar
2026-04-21 09:41:42.440 [main] INFO  effortanalyzer.library.LibraryUpgradeAnalyzer - Analyzing: data-object-beans.jar
2026-04-21 09:41:42.460 [main] INFO  effortanalyzer.library.LibraryUpgradeAnalyzer - Analyzing: dataaccess-impl.jar
2026-04-21 09:41:42.472 [main] INFO  effortanalyzer.library.LibraryUpgradeAnalyzer - Analyzing: dataaccess.jar
2026-04-21 09:41:42.638 [main] INFO  effortanalyzer.library.LibraryUpgradeAnalyzer - Analyzing: datacache-impl.jar
2026-04-21 09:41:42.659 [main] INFO  effortanalyzer.library.LibraryUpgradeAnalyzer - Analyzing: datacache.jar
2026-04-21 09:41:42.668 [main] INFO  effortanalyzer.library.LibraryUpgradeAnalyzer - Analyzing: DataSourceFramework-impl.jar
2026-04-21 09:41:42.782 [main] INFO  effortanalyzer.library.LibraryUpgradeAnalyzer - Analyzing: DataSourceFramework.jar
2026-04-21 09:41:42.813 [main] INFO  effortanalyzer.library.LibraryUpgradeAnalyzer - Analyzing: di-commons-bridge-api.jar
2026-04-21 09:41:42.813 [main] INFO  effortanalyzer.library.LibraryUpgradeAnalyzer - Analyzing: di-commons-bridge-impl.jar
2026-04-21 09:41:42.813 [main] INFO  effortanalyzer.library.LibraryUpgradeAnalyzer - Analyzing: DSF-SmokeTest.jar
2026-04-21 09:41:42.877 [main] INFO  effortanalyzer.library.LibraryUpgradeAnalyzer - Analyzing: encryption-services-api.jar
2026-04-21 09:41:42.891 [main] INFO  effortanalyzer.library.LibraryUpgradeAnalyzer - Analyzing: encryption-services-impl.jar
2026-04-21 09:41:42.916 [main] INFO  effortanalyzer.library.LibraryUpgradeAnalyzer - Analyzing: encryption-services-tool.jar
2026-04-21 09:41:42.919 [main] INFO  effortanalyzer.library.LibraryUpgradeAnalyzer - Analyzing: ErrorHandling-ejb.jar
2026-04-21 09:41:42.921 [main] INFO  effortanalyzer.library.LibraryUpgradeAnalyzer - Analyzing: ErrorHandling-impl.jar
2026-04-21 09:41:43.118 [main] INFO  effortanalyzer.library.LibraryUpgradeAnalyzer - Analyzing: ErrorHandling.jar
2026-04-21 09:41:43.145 [main] INFO  effortanalyzer.library.LibraryUpgradeAnalyzer - Analyzing: esapi.jar
2026-04-21 09:41:43.289 [main] INFO  effortanalyzer.library.LibraryUpgradeAnalyzer - Analyzing: exception-handling-api-dist.jar
2026-04-21 09:41:43.290 [main] INFO  effortanalyzer.library.LibraryUpgradeAnalyzer - Analyzing: exception-handling-generalization-impl.jar
2026-04-21 09:41:43.292 [main] INFO  effortanalyzer.library.LibraryUpgradeAnalyzer - Analyzing: exception-handling-impl.jar
2026-04-21 09:41:43.300 [main] INFO  effortanalyzer.library.LibraryUpgradeAnalyzer - Analyzing: exception-handling-internal-api.jar
2026-04-21 09:41:43.306 [main] INFO  effortanalyzer.library.LibraryUpgradeAnalyzer - Analyzing: ExportImport-ejb.jar
2026-04-21 09:41:43.488 [main] INFO  effortanalyzer.library.LibraryUpgradeAnalyzer - Analyzing: ExportImport-impl.jar
2026-04-21 09:41:43.490 [main] INFO  effortanalyzer.library.LibraryUpgradeAnalyzer - Analyzing: ExportSubsystem.jar
2026-04-21 09:41:43.546 [main] INFO  effortanalyzer.library.LibraryUpgradeAnalyzer - Analyzing: frontend-backend-interaction-security.jar
2026-04-21 09:41:43.580 [main] INFO  effortanalyzer.library.LibraryUpgradeAnalyzer - Analyzing: GenericTree.jar
2026-04-21 09:41:43.585 [main] INFO  effortanalyzer.library.LibraryUpgradeAnalyzer - Analyzing: history-framework-ejb.jar
2026-04-21 09:41:43.600 [main] INFO  effortanalyzer.library.LibraryUpgradeAnalyzer - Analyzing: history-framework-impl.jar
2026-04-21 09:41:43.626 [main] INFO  effortanalyzer.library.LibraryUpgradeAnalyzer - Analyzing: history-framework-legacy-ui-ejb.jar
2026-04-21 09:41:43.663 [main] INFO  effortanalyzer.library.LibraryUpgradeAnalyzer - Analyzing: history-framework.jar
2026-04-21 09:41:43.699 [main] INFO  effortanalyzer.library.LibraryUpgradeAnalyzer - Analyzing: jobs-scheduler-bulk-executor-ejb.jar
2026-04-21 09:41:43.699 [main] INFO  effortanalyzer.library.LibraryUpgradeAnalyzer - Analyzing: jobs-scheduler-bulk-executor.jar
2026-04-21 09:41:43.733 [main] INFO  effortanalyzer.library.LibraryUpgradeAnalyzer - Analyzing: Kernel-ejb.jar
2026-04-21 09:41:44.200 [main] INFO  effortanalyzer.library.LibraryUpgradeAnalyzer - Analyzing: Kernel-impl.jar
2026-04-21 09:41:44.216 [main] INFO  effortanalyzer.library.LibraryUpgradeAnalyzer - Analyzing: Kernel.jar
2026-04-21 09:41:44.630 [main] INFO  effortanalyzer.library.LibraryUpgradeAnalyzer - Analyzing: ldap-c-impl.jar
2026-04-21 09:41:44.633 [main] INFO  effortanalyzer.library.LibraryUpgradeAnalyzer - Analyzing: ldap-c.jar
2026-04-21 09:41:44.751 [main] INFO  effortanalyzer.library.LibraryUpgradeAnalyzer - Analyzing: LicenseManager3.jar
2026-04-21 09:41:44.765 [main] INFO  effortanalyzer.library.LibraryUpgradeAnalyzer - Analyzing: MailSender-ejb.jar
2026-04-21 09:41:44.784 [main] INFO  effortanalyzer.library.LibraryUpgradeAnalyzer - Analyzing: MailSender-impl.jar
2026-04-21 09:41:44.815 [main] INFO  effortanalyzer.library.LibraryUpgradeAnalyzer - Analyzing: MailSender.jar
2026-04-21 09:41:44.823 [main] INFO  effortanalyzer.library.LibraryUpgradeAnalyzer - Analyzing: messageengine-impl.jar
2026-04-21 09:41:44.832 [main] INFO  effortanalyzer.library.LibraryUpgradeAnalyzer - Analyzing: messageengine.jar
2026-04-21 09:41:44.846 [main] INFO  effortanalyzer.library.LibraryUpgradeAnalyzer - Analyzing: metamodel-access-layer-api.jar
2026-04-21 09:41:44.937 [main] INFO  effortanalyzer.library.LibraryUpgradeAnalyzer - Analyzing: metamodel-access-layer-cache-impl.jar
2026-04-21 09:41:44.949 [main] INFO  effortanalyzer.library.LibraryUpgradeAnalyzer - Analyzing: metamodel-access-layer-impl.jar
2026-04-21 09:41:44.986 [main] INFO  effortanalyzer.library.LibraryUpgradeAnalyzer - Analyzing: metamodel-access-layer-in-memory-impl.jar
2026-04-21 09:41:44.993 [main] INFO  effortanalyzer.library.LibraryUpgradeAnalyzer - Analyzing: metamodel-access-layer-sql-impl.jar
2026-04-21 09:41:45.012 [main] INFO  effortanalyzer.library.LibraryUpgradeAnalyzer - Analyzing: NamingFramework.jar
2026-04-21 09:41:45.033 [main] INFO  effortanalyzer.library.LibraryUpgradeAnalyzer - Analyzing: NavigationTree-impl.jar
2026-04-21 09:41:45.075 [main] INFO  effortanalyzer.library.LibraryUpgradeAnalyzer - Analyzing: NavigationTree.jar
2026-04-21 09:41:45.453 [main] INFO  effortanalyzer.library.LibraryUpgradeAnalyzer - Analyzing: nc-primary-key-api.jar
2026-04-21 09:41:45.456 [main] INFO  effortanalyzer.library.LibraryUpgradeAnalyzer - Analyzing: nc-primary-key-impl.jar
2026-04-21 09:41:45.460 [main] INFO  effortanalyzer.library.LibraryUpgradeAnalyzer - Analyzing: NCDataObjects-1.4.jar
2026-04-21 09:41:45.829 [main] INFO  effortanalyzer.library.LibraryUpgradeAnalyzer - Analyzing: NCDataObjects-impl.jar
2026-04-21 09:41:46.201 [main] INFO  effortanalyzer.library.LibraryUpgradeAnalyzer - Analyzing: NCDataObjects-internal-api.jar
2026-04-21 09:41:46.222 [main] INFO  effortanalyzer.library.LibraryUpgradeAnalyzer - Analyzing: NCDataObjects.jar
2026-04-21 09:41:46.954 [main] INFO  effortanalyzer.library.LibraryUpgradeAnalyzer - Analyzing: ncdo-plugins-impl.jar
2026-04-21 09:41:46.987 [main] INFO  effortanalyzer.library.LibraryUpgradeAnalyzer - Analyzing: ncdo-plugins.jar
2026-04-21 09:41:46.990 [main] INFO  effortanalyzer.library.LibraryUpgradeAnalyzer - Analyzing: NCtemplates-impl.jar
2026-04-21 09:41:46.993 [main] INFO  effortanalyzer.library.LibraryUpgradeAnalyzer - Analyzing: NCtemplates.jar
2026-04-21 09:41:47.002 [main] INFO  effortanalyzer.library.LibraryUpgradeAnalyzer - Analyzing: netcracker-license-administrator.jar
2026-04-21 09:41:47.015 [main] INFO  effortanalyzer.library.LibraryUpgradeAnalyzer - Analyzing: nodes-load-balancer-ejb.jar
2026-04-21 09:41:47.017 [main] INFO  effortanalyzer.library.LibraryUpgradeAnalyzer - Analyzing: nodes-load-balancer-impl.jar
2026-04-21 09:41:47.069 [main] INFO  effortanalyzer.library.LibraryUpgradeAnalyzer - Analyzing: nodes-load-balancer.jar
2026-04-21 09:41:47.078 [main] INFO  effortanalyzer.library.LibraryUpgradeAnalyzer - Analyzing: not-yet-commons-ssl.jar
2026-04-21 09:41:47.198 [main] INFO  effortanalyzer.library.LibraryUpgradeAnalyzer - Analyzing: NWPLEngine-impl.jar
2026-04-21 09:41:47.244 [main] INFO  effortanalyzer.library.LibraryUpgradeAnalyzer - Analyzing: NWPLEngine.jar
2026-04-21 09:41:47.283 [main] INFO  effortanalyzer.library.LibraryUpgradeAnalyzer - Analyzing: oauth2-oidc-sdk.jar
2026-04-21 09:41:47.663 [main] INFO  effortanalyzer.library.LibraryUpgradeAnalyzer - Analyzing: platform-abstraction-layer-impl-weblogic.jar
2026-04-21 09:41:47.711 [main] INFO  effortanalyzer.library.LibraryUpgradeAnalyzer - Analyzing: platform-abstraction-layer-impl.jar
2026-04-21 09:41:47.728 [main] INFO  effortanalyzer.library.LibraryUpgradeAnalyzer - Analyzing: platform-abstraction-layer.jar
2026-04-21 09:41:47.752 [main] INFO  effortanalyzer.library.LibraryUpgradeAnalyzer - Analyzing: platform-data-transport-do.jar
2026-04-21 09:41:47.769 [main] INFO  effortanalyzer.library.LibraryUpgradeAnalyzer - Analyzing: platform-data-transport-impl.jar
2026-04-21 09:41:47.894 [main] INFO  effortanalyzer.library.LibraryUpgradeAnalyzer - Analyzing: platform-data-transport-ncdo.jar
2026-04-21 09:41:47.934 [main] INFO  effortanalyzer.library.LibraryUpgradeAnalyzer - Analyzing: platform-data-transport-remoting.jar
2026-04-21 09:41:47.946 [main] INFO  effortanalyzer.library.LibraryUpgradeAnalyzer - Analyzing: platform-data-transport-smoke-tests.jar
2026-04-21 09:41:48.023 [main] INFO  effortanalyzer.library.LibraryUpgradeAnalyzer - Analyzing: platform-data-transport.jar
2026-04-21 09:41:48.115 [main] INFO  effortanalyzer.library.LibraryUpgradeAnalyzer - Analyzing: PlatformSmokeTest.jar
2026-04-21 09:41:48.162 [main] INFO  effortanalyzer.library.LibraryUpgradeAnalyzer - Analyzing: PlatformUtils.jar
2026-04-21 09:41:48.329 [main] INFO  effortanalyzer.library.LibraryUpgradeAnalyzer - Analyzing: PolicyFramework.jar
2026-04-21 09:41:48.341 [main] INFO  effortanalyzer.library.LibraryUpgradeAnalyzer - Analyzing: QuartzScheduler-ejb.jar
2026-04-21 09:41:48.417 [main] INFO  effortanalyzer.library.LibraryUpgradeAnalyzer - Analyzing: QuartzScheduler-impl.jar
2026-04-21 09:41:48.426 [main] INFO  effortanalyzer.library.LibraryUpgradeAnalyzer - Analyzing: QuartzScheduler.jar
2026-04-21 09:41:48.502 [main] INFO  effortanalyzer.library.LibraryUpgradeAnalyzer - Analyzing: QueryBuilder-impl.jar
2026-04-21 09:41:48.503 [main] INFO  effortanalyzer.library.LibraryUpgradeAnalyzer - Analyzing: QueryBuilder.jar
2026-04-21 09:41:48.576 [main] INFO  effortanalyzer.library.LibraryUpgradeAnalyzer - Analyzing: ReferenceSelector-impl.jar
2026-04-21 09:41:48.618 [main] INFO  effortanalyzer.library.LibraryUpgradeAnalyzer - Analyzing: ReferenceSelector.jar
2026-04-21 09:41:48.730 [main] INFO  effortanalyzer.library.LibraryUpgradeAnalyzer - Analyzing: reports-scheduler-ejb.jar
2026-04-21 09:41:48.750 [main] INFO  effortanalyzer.library.LibraryUpgradeAnalyzer - Analyzing: reports-scheduler-impl.jar
2026-04-21 09:41:48.753 [main] INFO  effortanalyzer.library.LibraryUpgradeAnalyzer - Analyzing: reports-scheduler.jar
2026-04-21 09:41:48.780 [main] INFO  effortanalyzer.library.LibraryUpgradeAnalyzer - Analyzing: ReportsEngine-ejb.jar
2026-04-21 09:41:48.872 [main] INFO  effortanalyzer.library.LibraryUpgradeAnalyzer - Analyzing: ReportsEngine-impl.jar
2026-04-21 09:41:48.960 [main] INFO  effortanalyzer.library.LibraryUpgradeAnalyzer - Analyzing: ReportsEngine.jar
2026-04-21 09:41:49.006 [main] INFO  effortanalyzer.library.LibraryUpgradeAnalyzer - Analyzing: resource-caching-manager.jar
2026-04-21 09:41:49.009 [main] INFO  effortanalyzer.library.LibraryUpgradeAnalyzer - Analyzing: ResourceInventory-ejb.jar
2026-04-21 09:41:49.602 [main] INFO  effortanalyzer.library.LibraryUpgradeAnalyzer - Analyzing: ResourceInventory-impl.jar
2026-04-21 09:41:49.616 [main] INFO  effortanalyzer.library.LibraryUpgradeAnalyzer - Analyzing: ResourceInventory.jar
2026-04-21 09:41:49.829 [main] INFO  effortanalyzer.library.LibraryUpgradeAnalyzer - Analyzing: rest-framework-api.jar
2026-04-21 09:41:49.829 [main] INFO  effortanalyzer.library.LibraryUpgradeAnalyzer - Analyzing: rest-framework-di-integration-impl.jar
2026-04-21 09:41:49.829 [main] INFO  effortanalyzer.library.LibraryUpgradeAnalyzer - Analyzing: rest-framework-jersey-api.jar
2026-04-21 09:41:49.829 [main] INFO  effortanalyzer.library.LibraryUpgradeAnalyzer - Analyzing: rest-framework-jersey-impl.jar
2026-04-21 09:41:49.840 [main] INFO  effortanalyzer.library.LibraryUpgradeAnalyzer - Analyzing: ri-operations-framework.jar
2026-04-21 09:41:49.856 [main] INFO  effortanalyzer.library.LibraryUpgradeAnalyzer - Analyzing: role-based-access-control.jar
2026-04-21 09:41:49.856 [main] INFO  effortanalyzer.library.LibraryUpgradeAnalyzer - Analyzing: Scripting-ejb.jar
2026-04-21 09:41:49.896 [main] INFO  effortanalyzer.library.LibraryUpgradeAnalyzer - Analyzing: Scripting.jar
2026-04-21 09:41:49.939 [main] INFO  effortanalyzer.library.LibraryUpgradeAnalyzer - Analyzing: search-dsl-api.jar
2026-04-21 09:41:49.953 [main] INFO  effortanalyzer.library.LibraryUpgradeAnalyzer - Analyzing: search-dsl-impl.jar
2026-04-21 09:41:49.953 [main] INFO  effortanalyzer.library.LibraryUpgradeAnalyzer - Analyzing: SearchEngine-ejb.jar
2026-04-21 09:41:49.983 [main] INFO  effortanalyzer.library.LibraryUpgradeAnalyzer - Analyzing: SearchEngine-impl.jar
2026-04-21 09:41:50.094 [main] INFO  effortanalyzer.library.LibraryUpgradeAnalyzer - Analyzing: SearchEngine.jar
2026-04-21 09:41:50.224 [main] INFO  effortanalyzer.library.LibraryUpgradeAnalyzer - Analyzing: security-filters.jar
2026-04-21 09:41:50.224 [main] INFO  effortanalyzer.library.LibraryUpgradeAnalyzer - Analyzing: simpleclient.jar
2026-04-21 09:41:50.238 [main] INFO  effortanalyzer.library.LibraryUpgradeAnalyzer - Analyzing: simpleclient_common.jar
2026-04-21 09:41:50.238 [main] INFO  effortanalyzer.library.LibraryUpgradeAnalyzer - Analyzing: SkillManagement-api.jar
2026-04-21 09:41:50.238 [main] INFO  effortanalyzer.library.LibraryUpgradeAnalyzer - Analyzing: TAR-ejb.jar
2026-04-21 09:41:50.256 [main] INFO  effortanalyzer.library.LibraryUpgradeAnalyzer - Analyzing: TAR-impl.jar
2026-04-21 09:41:50.269 [main] INFO  effortanalyzer.library.LibraryUpgradeAnalyzer - Analyzing: TAR-Test.jar
2026-04-21 09:41:50.269 [main] INFO  effortanalyzer.library.LibraryUpgradeAnalyzer - Analyzing: TAR.jar
2026-04-21 09:41:50.285 [main] INFO  effortanalyzer.library.LibraryUpgradeAnalyzer - Analyzing: TARSmokeTest.jar
2026-04-21 09:41:50.285 [main] INFO  effortanalyzer.library.LibraryUpgradeAnalyzer - Analyzing: telemetry-api-api.jar
2026-04-21 09:41:50.301 [main] INFO  effortanalyzer.library.LibraryUpgradeAnalyzer - Analyzing: TextualUI-ejb.jar
2026-04-21 09:41:50.333 [main] INFO  effortanalyzer.library.LibraryUpgradeAnalyzer - Analyzing: TextualUI-impl.jar
2026-04-21 09:41:50.345 [main] INFO  effortanalyzer.library.LibraryUpgradeAnalyzer - Analyzing: TextualUI.jar
2026-04-21 09:41:50.349 [main] INFO  effortanalyzer.library.LibraryUpgradeAnalyzer - Analyzing: ThreadManagement.jar
2026-04-21 09:41:50.349 [main] INFO  effortanalyzer.library.LibraryUpgradeAnalyzer - Analyzing: ThreadManagementSmokeTests.jar
2026-04-21 09:41:50.349 [main] INFO  effortanalyzer.library.LibraryUpgradeAnalyzer - Analyzing: ui-data-sources-bo-impl.jar
2026-04-21 09:41:50.367 [main] INFO  effortanalyzer.library.LibraryUpgradeAnalyzer - Analyzing: ui-data-sources-bo.jar
2026-04-21 09:41:50.381 [main] INFO  effortanalyzer.library.LibraryUpgradeAnalyzer - Analyzing: ui-data-sources-ejb.jar
2026-04-21 09:41:50.390 [main] INFO  effortanalyzer.library.LibraryUpgradeAnalyzer - Analyzing: ui-data-sources-impl.jar
2026-04-21 09:41:50.465 [main] INFO  effortanalyzer.library.LibraryUpgradeAnalyzer - Analyzing: ui-data-sources-internal-api.jar
2026-04-21 09:41:50.477 [main] INFO  effortanalyzer.library.LibraryUpgradeAnalyzer - Analyzing: ui-data-sources-rest.jar
2026-04-21 09:41:50.477 [main] INFO  effortanalyzer.library.LibraryUpgradeAnalyzer - Analyzing: ui-data-sources.jar
2026-04-21 09:41:50.546 [main] INFO  effortanalyzer.library.LibraryUpgradeAnalyzer - Analyzing: ui-platform-api.jar
2026-04-21 09:41:50.548 [main] INFO  effortanalyzer.library.LibraryUpgradeAnalyzer - Analyzing: ui-toolkit-api-dist.jar
2026-04-21 09:41:50.551 [main] INFO  effortanalyzer.library.LibraryUpgradeAnalyzer - Analyzing: ui-toolkit-app-common-impl.jar
2026-04-21 09:41:50.553 [main] INFO  effortanalyzer.library.LibraryUpgradeAnalyzer - Analyzing: ui-toolkit-app-common.jar
2026-04-21 09:41:50.553 [main] INFO  effortanalyzer.library.LibraryUpgradeAnalyzer - Analyzing: ui-toolkit-bbcode-api-dist.jar
2026-04-21 09:41:50.558 [main] INFO  effortanalyzer.library.LibraryUpgradeAnalyzer - Analyzing: ui-toolkit-bbcode-impl.jar
2026-04-21 09:41:50.558 [main] INFO  effortanalyzer.library.LibraryUpgradeAnalyzer - Analyzing: UIGT-ejb.jar
2026-04-21 09:41:50.651 [main] INFO  effortanalyzer.library.LibraryUpgradeAnalyzer - Analyzing: UIGT-impl.jar
2026-04-21 09:41:50.667 [main] INFO  effortanalyzer.library.LibraryUpgradeAnalyzer - Analyzing: UIGT.jar
2026-04-21 09:41:50.800 [main] INFO  effortanalyzer.library.LibraryUpgradeAnalyzer - Analyzing: UISpecificCore-impl.jar
2026-04-21 09:41:50.800 [main] INFO  effortanalyzer.library.LibraryUpgradeAnalyzer - Analyzing: UISpecificCore.jar
2026-04-21 09:41:50.842 [main] INFO  effortanalyzer.library.LibraryUpgradeAnalyzer - Analyzing: UI_Plugins.jar
2026-04-21 09:41:50.858 [main] INFO  effortanalyzer.library.LibraryUpgradeAnalyzer - Analyzing: user-and-grants-management-ui-ejb.jar
2026-04-21 09:41:50.874 [main] INFO  effortanalyzer.library.LibraryUpgradeAnalyzer - Analyzing: user-and-grants-management-ui-impl.jar
2026-04-21 09:41:50.874 [main] INFO  effortanalyzer.library.LibraryUpgradeAnalyzer - Analyzing: user-and-grants-management-ui.jar
2026-04-21 09:41:50.900 [main] INFO  effortanalyzer.library.LibraryUpgradeAnalyzer - Analyzing: user-grants-management-ejb.jar
2026-04-21 09:41:50.907 [main] INFO  effortanalyzer.library.LibraryUpgradeAnalyzer - Analyzing: user-grants-management-impl.jar
2026-04-21 09:41:50.922 [main] INFO  effortanalyzer.library.LibraryUpgradeAnalyzer - Analyzing: user-grants-management.jar
2026-04-21 09:41:50.938 [main] INFO  effortanalyzer.library.LibraryUpgradeAnalyzer - Analyzing: user-task-engine-api.jar
2026-04-21 09:41:50.953 [main] INFO  effortanalyzer.library.LibraryUpgradeAnalyzer - Analyzing: user-task-engine-impl.jar
2026-04-21 09:41:50.969 [main] INFO  effortanalyzer.library.LibraryUpgradeAnalyzer - Analyzing: user-task-engine-smoketests-impl.jar
2026-04-21 09:41:50.969 [main] INFO  effortanalyzer.library.LibraryUpgradeAnalyzer - Analyzing: WidgetsFrm-ejb.jar
2026-04-21 09:41:50.969 [main] INFO  effortanalyzer.library.LibraryUpgradeAnalyzer - Analyzing: WidgetsFrm.jar
2026-04-21 09:41:50.985 [main] INFO  effortanalyzer.library.LibraryUpgradeAnalyzer - Analyzing: WidgetsOOB.jar
2026-04-21 09:41:51.001 [main] INFO  effortanalyzer.library.LibraryUpgradeAnalyzer - Analyzing: Workflow-ejb.jar
2026-04-21 09:41:51.731 [main] INFO  effortanalyzer.library.LibraryUpgradeAnalyzer - Analyzing: Workflow-impl.jar
2026-04-21 09:41:51.734 [main] INFO  effortanalyzer.library.LibraryUpgradeAnalyzer - Analyzing: Workflow.jar
2026-04-21 09:41:51.763 [main] INFO  effortanalyzer.library.LibraryUpgradeAnalyzer - Analyzing: WorkflowSmokeTests.jar
2026-04-21 09:41:51.795 [main] INFO  effortanalyzer.library.LibraryUpgradeAnalyzer - Analyzing: XPath-ejb.jar
2026-04-21 09:41:51.844 [main] INFO  effortanalyzer.library.LibraryUpgradeAnalyzer - Analyzing: XPath.jar
2026-04-21 09:41:51.859 [main] INFO  effortanalyzer.library.LibraryUpgradeAnalyzer - Analysis complete. Total findings: 59
2026-04-21 09:41:51.873 [main] WARN  effortanalyzer.upgrade.UpgradeAnalyzer - Output file already exists and will be overwritten: C:\Development\Documents\EffortAnalyzer\EffortAnalyzer\Upgrade-Compatibility-Report.xlsx
2026-04-21 09:41:53.636 [main] INFO  effortanalyzer.upgrade.UpgradeAnalyzer - Report written: C:\Development\Documents\EffortAnalyzer\EffortAnalyzer\Upgrade-Compatibility-Report.xlsx
2026-04-21 09:41:53.637 [main] INFO  effortanalyzer.EffortAnalyzerApp - Upgrade compatibility analysis complete → Upgrade-Compatibility-Report.xlsx
